2023-01-28 21:05:29.346 - INFO - 23054 - azureml.train.automl._experiment_drivers.driver_utilities.modify_run_configuration:224 - Package azureml-train-automl missing from dependencies file.
2023-01-28 21:05:29.350 - INFO - 23054 - azureml.train.automl._experiment_drivers.driver_utilities.modify_run_configuration:230 - Using pinned version: azureml-train-automl==1.47.0.*
2023-01-28 21:05:29.350 - INFO - 23054 - azureml.train.automl._experiment_drivers.driver_utilities.modify_run_configuration:224 - Package pandas missing from dependencies file.
2023-01-28 21:05:29.351 - INFO - 23054 - azureml.train.automl._experiment_drivers.driver_utilities.modify_run_configuration:230 - Using pinned version: pandas==1.1.5
2023-01-28 21:05:29.351 - INFO - 23054 - azureml.train.automl._experiment_drivers.driver_utilities.modify_run_configuration:224 - Package psutil missing from dependencies file.
2023-01-28 21:05:29.351 - INFO - 23054 - azureml.train.automl._experiment_drivers.driver_utilities.modify_run_configuration:230 - Using pinned version: psutil>5.0.0,<6.0.0
2023-01-28 21:05:29.351 - INFO - 23054 - azureml.train.automl._experiment_drivers.driver_utilities.modify_run_configuration:224 - Package scikit-learn missing from dependencies file.
2023-01-28 21:05:29.352 - INFO - 23054 - azureml.train.automl._experiment_drivers.driver_utilities.modify_run_configuration:230 - Using pinned version: scikit-learn==0.22.1
2023-01-28 21:05:29.352 - INFO - 23054 - azureml.train.automl._experiment_drivers.driver_utilities.modify_run_configuration:224 - Package numpy missing from dependencies file.
2023-01-28 21:05:29.352 - INFO - 23054 - azureml.train.automl._experiment_drivers.driver_utilities.modify_run_configuration:230 - Using pinned version: numpy~=1.18.0
2023-01-28 21:05:29.352 - INFO - 23054 - azureml.train.automl._experiment_drivers.driver_utilities.modify_run_configuration:224 - Package py-xgboost missing from dependencies file.
2023-01-28 21:05:29.353 - INFO - 23054 - azureml.train.automl._experiment_drivers.driver_utilities.modify_run_configuration:230 - Using pinned version: py-xgboost==1.3.3
2023-01-28 21:05:29.353 - INFO - 23054 - azureml.train.automl._experiment_drivers.driver_utilities.modify_run_configuration:224 - Package inference-schema missing from dependencies file.
2023-01-28 21:05:29.353 - INFO - 23054 - azureml.train.automl._experiment_drivers.driver_utilities.modify_run_configuration:234 - Using installed version: inference-schema==1.4.2.1
2023-01-28 21:05:29.353 - INFO - 23054 - azureml.train.automl._experiment_drivers.driver_utilities.modify_run_configuration:224 - Package fbprophet missing from dependencies file.
2023-01-28 21:05:29.354 - INFO - 23054 - azureml.train.automl._experiment_drivers.driver_utilities.modify_run_configuration:230 - Using pinned version: fbprophet==0.7.1
2023-01-28 21:05:29.354 - INFO - 23054 - azureml.train.automl._experiment_drivers.driver_utilities.modify_run_configuration:224 - Package holidays missing from dependencies file.
2023-01-28 21:05:29.354 - INFO - 23054 - azureml.train.automl._experiment_drivers.driver_utilities.modify_run_configuration:230 - Using pinned version: holidays==0.10.3
2023-01-28 21:05:29.354 - INFO - 23054 - azureml.train.automl._experiment_drivers.driver_utilities.modify_run_configuration:224 - Package joblib missing from dependencies file.
2023-01-28 21:05:29.355 - INFO - 23054 - azureml.train.automl._experiment_drivers.driver_utilities.modify_run_configuration:230 - Using pinned version: joblib==0.14.1
2023-01-28 21:05:29.355 - INFO - 23054 - azureml.train.automl._experiment_drivers.driver_utilities.modify_run_configuration:224 - Package pystan missing from dependencies file.
2023-01-28 21:05:29.355 - INFO - 23054 - azureml.train.automl._experiment_drivers.driver_utilities.modify_run_configuration:230 - Using pinned version: pystan==2.19.1.1
2023-01-28 21:05:29.355 - INFO - 23054 - azureml.train.automl._experiment_drivers.driver_utilities.modify_run_configuration:224 - Package setuptools-git missing from dependencies file.
2023-01-28 21:05:29.356 - INFO - 23054 - azureml.train.automl._experiment_drivers.driver_utilities.modify_run_configuration:234 - Using installed version: setuptools-git==1.2
2023-01-28 21:05:29.356 - INFO - 23054 - azureml.train.automl._experiment_drivers.driver_utilities.modify_run_configuration:224 - Package urllib3 missing from dependencies file.
2023-01-28 21:05:29.356 - INFO - 23054 - azureml.train.automl._experiment_drivers.driver_utilities.modify_run_configuration:234 - Using installed version: urllib3==1.26.12
2023-01-28 21:05:29.356 - INFO - 23054 - azureml.train.automl._experiment_drivers.driver_utilities.modify_run_configuration:224 - Package azure-core missing from dependencies file.
2023-01-28 21:05:29.356 - INFO - 23054 - azureml.train.automl._experiment_drivers.driver_utilities.modify_run_configuration:234 - Using installed version: azure-core==1.26.0
2023-01-28 21:05:29.357 - INFO - 23054 - azureml.automl.core.dataset_utilities._save_datasets_to_json:255 - JSON serialization of input of type <class 'NoneType'> is un-supported.
2023-01-28 21:05:29.357 - INFO - 23054 - azureml.automl.core.dataset_utilities._save_datasets_to_json:255 - JSON serialization of input of type <class 'NoneType'> is un-supported.
2023-01-28 21:05:29.359 - INFO - 23054 - azureml.train.automl._experiment_drivers.driver_utilities.validate_input:124 - Start data validation.
2023-01-28 21:05:30.988 - INFO - 23054 - azureml.train.automl._experiment_drivers.driver_utilities.validate_input:137 - Validation service found the data has no errors.
2023-01-28 21:05:30.989 - INFO - 23054 - azureml.train.automl._experiment_drivers.driver_utilities.create_remote_parent_run:381 - Start creating parent run.
2023-01-28 21:05:31.268 - INFO - 23054 - azureml.train.automl._experiment_drivers.driver_utilities.create_remote_parent_run:401 - [ParentRunID:AutoML_d20bd24c-7b18-4ad4-bb02-8310c148daf6] Remote run using input X and y.
2023-01-28 21:05:31.408 - INFO - 23054 - azureml.train.automl._experiment_drivers.driver_utilities.start_remote_run:336 - Starting a snapshot run (snapshot_id : None)
2023-01-28 23:59:46.381 - INFO - 33622 - azureml.train.automl._experiment_drivers.driver_utilities.modify_run_configuration:224 - Package azureml-train-automl missing from dependencies file.
2023-01-28 23:59:46.404 - INFO - 33622 - azureml.train.automl._experiment_drivers.driver_utilities.modify_run_configuration:230 - Using pinned version: azureml-train-automl==1.47.0.*
2023-01-28 23:59:46.412 - INFO - 33622 - azureml.train.automl._experiment_drivers.driver_utilities.modify_run_configuration:224 - Package pandas missing from dependencies file.
2023-01-28 23:59:46.417 - INFO - 33622 - azureml.train.automl._experiment_drivers.driver_utilities.modify_run_configuration:230 - Using pinned version: pandas==1.1.5
2023-01-28 23:59:46.422 - INFO - 33622 - azureml.train.automl._experiment_drivers.driver_utilities.modify_run_configuration:224 - Package psutil missing from dependencies file.
2023-01-28 23:59:46.427 - INFO - 33622 - azureml.train.automl._experiment_drivers.driver_utilities.modify_run_configuration:230 - Using pinned version: psutil>5.0.0,<6.0.0
2023-01-28 23:59:46.431 - INFO - 33622 - azureml.train.automl._experiment_drivers.driver_utilities.modify_run_configuration:224 - Package scikit-learn missing from dependencies file.
2023-01-28 23:59:46.436 - INFO - 33622 - azureml.train.automl._experiment_drivers.driver_utilities.modify_run_configuration:230 - Using pinned version: scikit-learn==0.22.1
2023-01-28 23:59:46.440 - INFO - 33622 - azureml.train.automl._experiment_drivers.driver_utilities.modify_run_configuration:224 - Package numpy missing from dependencies file.
2023-01-28 23:59:46.445 - INFO - 33622 - azureml.train.automl._experiment_drivers.driver_utilities.modify_run_configuration:230 - Using pinned version: numpy~=1.18.0
2023-01-28 23:59:46.552 - INFO - 33622 - azureml.train.automl._experiment_drivers.driver_utilities.modify_run_configuration:224 - Package py-xgboost missing from dependencies file.
2023-01-28 23:59:46.556 - INFO - 33622 - azureml.train.automl._experiment_drivers.driver_utilities.modify_run_configuration:230 - Using pinned version: py-xgboost==1.3.3
2023-01-28 23:59:46.561 - INFO - 33622 - azureml.train.automl._experiment_drivers.driver_utilities.modify_run_configuration:224 - Package inference-schema missing from dependencies file.
2023-01-28 23:59:46.561 - INFO - 33622 - azureml.train.automl._experiment_drivers.driver_utilities.modify_run_configuration:234 - Using installed version: inference-schema==1.4.2.1
2023-01-28 23:59:46.561 - INFO - 33622 - azureml.train.automl._experiment_drivers.driver_utilities.modify_run_configuration:224 - Package fbprophet missing from dependencies file.
2023-01-28 23:59:46.562 - INFO - 33622 - azureml.train.automl._experiment_drivers.driver_utilities.modify_run_configuration:230 - Using pinned version: fbprophet==0.7.1
2023-01-28 23:59:46.562 - INFO - 33622 - azureml.train.automl._experiment_drivers.driver_utilities.modify_run_configuration:224 - Package holidays missing from dependencies file.
2023-01-28 23:59:46.562 - INFO - 33622 - azureml.train.automl._experiment_drivers.driver_utilities.modify_run_configuration:230 - Using pinned version: holidays==0.10.3
2023-01-28 23:59:46.562 - INFO - 33622 - azureml.train.automl._experiment_drivers.driver_utilities.modify_run_configuration:224 - Package joblib missing from dependencies file.
2023-01-28 23:59:46.563 - INFO - 33622 - azureml.train.automl._experiment_drivers.driver_utilities.modify_run_configuration:230 - Using pinned version: joblib==0.14.1
2023-01-28 23:59:46.563 - INFO - 33622 - azureml.train.automl._experiment_drivers.driver_utilities.modify_run_configuration:224 - Package pystan missing from dependencies file.
2023-01-28 23:59:46.563 - INFO - 33622 - azureml.train.automl._experiment_drivers.driver_utilities.modify_run_configuration:230 - Using pinned version: pystan==2.19.1.1
2023-01-28 23:59:46.563 - INFO - 33622 - azureml.train.automl._experiment_drivers.driver_utilities.modify_run_configuration:224 - Package setuptools-git missing from dependencies file.
2023-01-28 23:59:46.564 - INFO - 33622 - azureml.train.automl._experiment_drivers.driver_utilities.modify_run_configuration:234 - Using installed version: setuptools-git==1.2
2023-01-28 23:59:46.564 - INFO - 33622 - azureml.train.automl._experiment_drivers.driver_utilities.modify_run_configuration:224 - Package urllib3 missing from dependencies file.
2023-01-28 23:59:46.564 - INFO - 33622 - azureml.train.automl._experiment_drivers.driver_utilities.modify_run_configuration:234 - Using installed version: urllib3==1.26.12
2023-01-28 23:59:46.564 - INFO - 33622 - azureml.train.automl._experiment_drivers.driver_utilities.modify_run_configuration:224 - Package azure-core missing from dependencies file.
2023-01-28 23:59:46.565 - INFO - 33622 - azureml.train.automl._experiment_drivers.driver_utilities.modify_run_configuration:234 - Using installed version: azure-core==1.26.0
2023-01-28 23:59:46.566 - INFO - 33622 - azureml.automl.core.dataset_utilities._save_datasets_to_json:255 - JSON serialization of input of type <class 'NoneType'> is un-supported.
2023-01-28 23:59:46.566 - INFO - 33622 - azureml.automl.core.dataset_utilities._save_datasets_to_json:255 - JSON serialization of input of type <class 'NoneType'> is un-supported.
2023-01-28 23:59:46.567 - INFO - 33622 - azureml.train.automl._experiment_drivers.driver_utilities.validate_input:124 - Start data validation.
2023-01-28 23:59:47.744 - INFO - 33622 - azureml.train.automl._experiment_drivers.driver_utilities.validate_input:137 - Validation service found the data has no errors.
2023-01-28 23:59:47.745 - INFO - 33622 - azureml.train.automl._experiment_drivers.driver_utilities.create_remote_parent_run:381 - Start creating parent run.
2023-01-28 23:59:48.032 - INFO - 33622 - azureml.train.automl._experiment_drivers.driver_utilities.create_remote_parent_run:401 - [ParentRunID:AutoML_b656a63b-cc15-48a5-80c5-57adc9bbd5e7] Remote run using input X and y.
2023-01-28 23:59:48.166 - INFO - 33622 - azureml.train.automl._experiment_drivers.driver_utilities.start_remote_run:336 - Starting a snapshot run (snapshot_id : None)
